npm verbose cli C:\Program Files\nodejs\node.exe C:\Users\jefer\AppData\Roaming\npm\node_modules\npm\bin\npm-cli.js
npm info using npm@10.8.2
npm info using node@v20.16.0
npm verbose title npm install
npm verbose argv "install" "--legacy-peer-deps" "--loglevel" "verbose"
npm verbose logfile logs-max:10 dir:C:\Users\jefer\AppData\Local\npm-cache\_logs\2024-08-14T18_50_11_503Z-
npm verbose logfile C:\Users\jefer\AppData\Local\npm-cache\_logs\2024-08-14T18_50_11_503Z-debug-0.log
npm http fetch GET 200 https://registry.npmjs.org/@faker-js%2ffaker 301ms (cache revalidated)
npm http fetch GET 200 https://registry.npmjs.org/cypress-mochawesome-reporter 650ms (cache revalidated)
npm http fetch GET 200 https://registry.npmjs.org/browserstack-cypress-cli 634ms (cache revalidated)
npm http fetch GET 200 https://registry.npmjs.org/cypress 60ms (cache revalidated)
npm http fetch GET 200 https://registry.npmjs.org/async 98ms (cache revalidated)
npm http fetch GET 200 https://registry.npmjs.org/chalk 48ms (cache revalidated)
npm http fetch GET 200 https://registry.npmjs.org/archiver 173ms (cache revalidated)
npm http fetch GET 200 https://registry.npmjs.org/cli-progress 48ms (cache revalidated)
npm http fetch GET 200 https://registry.npmjs.org/browserstack-local 222ms (cache revalidated)
npm http fetch GET 200 https://registry.npmjs.org/fs-extra 62ms (cache revalidated)
npm http fetch GET 200 https://registry.npmjs.org/git-last-commit 70ms (cache revalidated)
npm http fetch GET 200 https://registry.npmjs.org/git-repo-info 55ms (cache revalidated)
npm http fetch GET 200 https://registry.npmjs.org/glob 53ms (cache revalidated)
npm http fetch GET 200 https://registry.npmjs.org/gitconfiglocal 75ms (cache revalidated)
npm http fetch GET 200 https://registry.npmjs.org/mocha 68ms (cache revalidated)
npm http fetch GET 200 https://registry.npmjs.org/mkdirp 117ms (cache revalidated)
npm http fetch GET 200 https://registry.npmjs.org/node-ipc 65ms (cache revalidated)
npm http fetch GET 200 https://registry.npmjs.org/request 96ms (cache revalidated)
npm http fetch GET 200 https://registry.npmjs.org/requestretry 62ms (cache revalidated)
npm http fetch GET 200 https://registry.npmjs.org/table 78ms (cache revalidated)
npm http fetch GET 200 https://registry.npmjs.org/update-notifier 73ms (cache revalidated)
npm http fetch GET 200 https://registry.npmjs.org/uuid 58ms (cache revalidated)
npm http fetch GET 200 https://registry.npmjs.org/windows-release 60ms (cache revalidated)
npm http fetch GET 200 https://registry.npmjs.org/winston 71ms (cache revalidated)
npm http fetch GET 200 https://registry.npmjs.org/yargs 73ms (cache revalidated)
npm http fetch GET 200 https://registry.npmjs.org/getmac 668ms (cache revalidated)
npm http fetch GET 200 https://registry.npmjs.org/tmp 62ms (cache revalidated)
npm http fetch GET 200 https://registry.npmjs.org/decompress 92ms (cache revalidated)
npm http fetch GET 200 https://registry.npmjs.org/arch 71ms (cache revalidated)
npm http fetch GET 200 https://registry.npmjs.org/dayjs 61ms (cache revalidated)
npm http fetch GET 200 https://registry.npmjs.org/debug 66ms (cache revalidated)
npm http fetch GET 200 https://registry.npmjs.org/execa 120ms (cache revalidated)
npm http fetch GET 200 https://registry.npmjs.org/is-ci 119ms (cache revalidated)
npm http fetch GET 200 https://registry.npmjs.org/getos 141ms (cache revalidated)
npm http fetch GET 200 https://registry.npmjs.org/buffer 72ms (cache revalidated)
npm http fetch GET 200 https://registry.npmjs.org/yauzl 117ms (cache revalidated)
npm http fetch GET 200 https://registry.npmjs.org/listr2 103ms (cache revalidated)
npm http fetch GET 200 https://registry.npmjs.org/lodash 92ms (cache revalidated)
npm http fetch GET 200 https://registry.npmjs.org/figures 87ms (cache revalidated)
npm http fetch GET 200 https://registry.npmjs.org/ospath 174ms (cache revalidated)
npm http fetch GET 200 https://registry.npmjs.org/semver 132ms (cache revalidated)
npm http fetch GET 200 https://registry.npmjs.org/bluebird 118ms (cache revalidated)
npm http fetch GET 200 https://registry.npmjs.org/cachedir 132ms (cache revalidated)
npm http fetch GET 200 https://registry.npmjs.org/process 173ms (cache revalidated)
npm http fetch GET 200 https://registry.npmjs.org/enquirer 101ms (cache revalidated)
npm http fetch GET 200 https://registry.npmjs.org/lazy-ass 106ms (cache revalidated)
npm http fetch GET 200 https://registry.npmjs.org/minimist 105ms (cache revalidated)
npm http fetch GET 200 https://registry.npmjs.org/commander 83ms (cache revalidated)
npm http fetch GET 200 https://registry.npmjs.org/untildify 117ms (cache revalidated)
npm http fetch GET 200 https://registry.npmjs.org/cli-cursor 118ms (cache revalidated)
npm http fetch GET 200 https://registry.npmjs.org/cli-table3 94ms (cache revalidated)
npm http fetch GET 200 https://registry.npmjs.org/executable 78ms (cache revalidated)
npm http fetch GET 200 https://registry.npmjs.org/common-tags 76ms (cache revalidated)
npm http fetch GET 200 https://registry.npmjs.org/extract-zip 68ms (cache revalidated)
npm http fetch GET 200 https://registry.npmjs.org/log-symbols 64ms (cache revalidated)
npm http fetch GET 200 https://registry.npmjs.org/pretty-bytes 80ms (cache revalidated)
npm http fetch GET 200 https://registry.npmjs.org/@cypress%2fxvfb 117ms (cache revalidated)
npm http fetch GET 200 https://registry.npmjs.org/@types%2fsizzle 67ms (cache revalidated)
npm http fetch GET 200 https://registry.npmjs.org/eventemitter2 55ms (cache revalidated)
npm http fetch GET 200 https://registry.npmjs.org/proxy-from-env 66ms (cache revalidated)
npm http fetch GET 200 https://registry.npmjs.org/supports-color 53ms (cache revalidated)
npm http fetch GET 200 https://registry.npmjs.org/blob-util 658ms (cache revalidated)
npm http fetch GET 200 https://registry.npmjs.org/check-more-types 70ms (cache revalidated)
npm http fetch GET 200 https://registry.npmjs.org/@cypress%2frequest 143ms (cache revalidated)
npm http fetch GET 200 https://registry.npmjs.org/request-progress 119ms (cache revalidated)
npm http fetch GET 200 https://registry.npmjs.org/is-installed-globally 112ms (cache revalidated)
npm http fetch GET 200 https://registry.npmjs.org/mochawesome 64ms (cache revalidated)
npm http fetch GET 200 https://registry.npmjs.org/@types%2fsinonjs__fake-timers 96ms (cache revalidated)
npm http fetch GET 200 https://registry.npmjs.org/mochawesome-merge 48ms (cache revalidated)
npm http fetch GET 200 https://registry.npmjs.org/mochawesome-report-generator 58ms (cache revalidated)
npm http fetch GET 200 https://registry.npmjs.org/archiver-utils 53ms (cache revalidated)
npm http fetch GET 200 https://registry.npmjs.org/buffer-crc32 78ms (cache revalidated)
npm http fetch GET 200 https://registry.npmjs.org/readable-stream 81ms (cache revalidated)
npm http fetch GET 200 https://registry.npmjs.org/readdir-glob 74ms (cache revalidated)
npm http fetch GET 200 https://registry.npmjs.org/tar-stream 87ms (cache revalidated)
npm http fetch GET 200 https://registry.npmjs.org/https-proxy-agent 65ms (cache revalidated)
npm http fetch GET 200 https://registry.npmjs.org/zip-stream 111ms (cache revalidated)
npm http fetch GET 200 https://registry.npmjs.org/temp-fs 87ms (cache revalidated)
npm http fetch GET 200 https://registry.npmjs.org/ps-tree 106ms (cache revalidated)
npm http fetch GET 200 https://registry.npmjs.org/ansi-styles 51ms (cache revalidated)
npm http fetch GET 200 https://registry.npmjs.org/agent-base 88ms (cache revalidated)
npm http fetch GET 200 https://registry.npmjs.org/string-width 73ms (cache revalidated)
npm http fetch GET 200 https://registry.npmjs.org/decompress-tar 84ms (cache revalidated)
npm http fetch GET 200 https://registry.npmjs.org/decompress-targz 77ms (cache revalidated)
npm http fetch GET 200 https://registry.npmjs.org/decompress-unzip 63ms (cache revalidated)
npm http fetch GET 200 https://registry.npmjs.org/graceful-fs 66ms (cache revalidated)
npm http fetch GET 200 https://registry.npmjs.org/make-dir 72ms (cache revalidated)
npm http fetch GET 200 https://registry.npmjs.org/pify 80ms (cache revalidated)
npm http fetch GET 200 https://registry.npmjs.org/is-running 691ms (cache revalidated)
npm http fetch GET 200 https://registry.npmjs.org/strip-dirs 78ms (cache revalidated)
npm http fetch GET 200 https://registry.npmjs.org/jsonfile 91ms (cache revalidated)
npm http fetch GET 200 https://registry.npmjs.org/universalify 81ms (cache revalidated)
npm http fetch GET 200 https://registry.npmjs.org/@types%2fnode 135ms (cache revalidated)
npm http fetch GET 200 https://registry.npmjs.org/decompress-tarbz2 1203ms (cache revalidated)
npm http fetch GET 200 https://registry.npmjs.org/ini 631ms (cache revalidated)
npm http fetch GET 200 https://registry.npmjs.org/inflight 63ms (cache revalidated)
npm http fetch GET 200 https://registry.npmjs.org/once 165ms (cache revalidated)
npm http fetch GET 200 https://registry.npmjs.org/inherits 83ms (cache revalidated)
npm http fetch GET 200 https://registry.npmjs.org/minimatch 98ms (cache revalidated)
npm http fetch GET 200 https://registry.npmjs.org/fs.realpath 102ms (cache revalidated)
npm http fetch GET 200 https://registry.npmjs.org/path-is-absolute 97ms (cache revalidated)
npm http fetch GET 200 https://registry.npmjs.org/ansi-colors 81ms (cache revalidated)
npm http fetch GET 200 https://registry.npmjs.org/chokidar 76ms (cache revalidated)
npm http fetch GET 200 https://registry.npmjs.org/diff 68ms (cache revalidated)
npm http fetch GET 200 https://registry.npmjs.org/escape-string-regexp 67ms (cache revalidated)
npm http fetch GET 200 https://registry.npmjs.org/find-up 62ms (cache revalidated)
npm http fetch GET 200 https://registry.npmjs.org/he 58ms (cache revalidated)
npm http fetch GET 200 https://registry.npmjs.org/js-yaml 53ms (cache revalidated)
npm http fetch GET 200 https://registry.npmjs.org/ms 60ms (cache revalidated)
npm http fetch GET 200 https://registry.npmjs.org/serialize-javascript 53ms (cache revalidated)
npm http fetch GET 200 https://registry.npmjs.org/strip-json-comments 79ms (cache revalidated)
npm http fetch GET 200 https://registry.npmjs.org/workerpool 58ms (cache revalidated)
npm http fetch GET 200 https://registry.npmjs.org/yargs 32ms (cache hit)
npm http fetch GET 200 https://registry.npmjs.org/yargs-parser 63ms (cache revalidated)
npm http fetch GET 200 https://registry.npmjs.org/yargs-unparser 48ms (cache revalidated)
npm http fetch GET 200 https://registry.npmjs.org/js-queue 46ms (cache revalidated)
npm http fetch GET 200 https://registry.npmjs.org/js-message 52ms (cache revalidated)
npm http fetch GET 200 https://registry.npmjs.org/event-pubsub 49ms (cache revalidated)
npm http fetch GET 200 https://registry.npmjs.org/qs 67ms (cache revalidated)
npm http fetch GET 200 https://registry.npmjs.org/aws4 63ms (cache revalidated)
npm http fetch GET 200 https://registry.npmjs.org/browser-stdout 685ms (cache revalidated)
npm http fetch GET 200 https://registry.npmjs.org/caseless 69ms (cache revalidated)
npm http fetch GET 200 https://registry.npmjs.org/extend 87ms (cache revalidated)
npm http fetch GET 200 https://registry.npmjs.org/isstream 52ms (cache revalidated)
npm http fetch GET 200 https://registry.npmjs.org/aws-sign2 60ms (cache revalidated)
npm http fetch GET 200 https://registry.npmjs.org/form-data 61ms (cache revalidated)
npm http fetch GET 200 https://registry.npmjs.org/mime-types 51ms (cache revalidated)
npm http fetch GET 200 https://registry.npmjs.org/safe-buffer 63ms (cache revalidated)
npm http fetch GET 200 https://registry.npmjs.org/oauth-sign 77ms (cache revalidated)
npm http fetch GET 200 https://registry.npmjs.org/tough-cookie 61ms (cache revalidated)
npm http fetch GET 200 https://registry.npmjs.org/forever-agent 57ms (cache revalidated)
npm http fetch GET 200 https://registry.npmjs.org/tunnel-agent 68ms (cache revalidated)
npm http fetch GET 200 https://registry.npmjs.org/har-validator 57ms (cache revalidated)
npm http fetch GET 200 https://registry.npmjs.org/combined-stream 50ms (cache revalidated)
npm http fetch GET 200 https://registry.npmjs.org/is-typedarray 72ms (cache revalidated)
npm http fetch GET 200 https://registry.npmjs.org/http-signature 75ms (cache revalidated)
npm http fetch GET 200 https://registry.npmjs.org/json-stringify-safe 46ms (cache revalidated)
npm http fetch GET 200 https://registry.npmjs.org/ajv 52ms (cache revalidated)
npm http fetch GET 200 https://registry.npmjs.org/performance-now 98ms (cache revalidated)
npm http fetch GET 200 https://registry.npmjs.org/slice-ansi 48ms (cache revalidated)
npm http fetch GET 200 https://registry.npmjs.org/is-npm 53ms (cache revalidated)
npm http fetch GET 200 https://registry.npmjs.org/boxen 71ms (cache revalidated)
npm http fetch GET 200 https://registry.npmjs.org/pupa 102ms (cache revalidated)
npm http fetch GET 200 https://registry.npmjs.org/configstore 51ms (cache revalidated)
npm http fetch GET 200 https://registry.npmjs.org/import-lazy 57ms (cache revalidated)
npm http fetch GET 200 https://registry.npmjs.org/is-in-ci 109ms (cache revalidated)
npm http fetch GET 200 https://registry.npmjs.org/semver-diff 52ms (cache revalidated)
npm http fetch GET 200 https://registry.npmjs.org/xdg-basedir 51ms (cache revalidated)
npm http fetch GET 200 https://registry.npmjs.org/latest-version 53ms (cache revalidated)
npm http fetch GET 200 https://registry.npmjs.org/eyes 55ms (cache revalidated)
npm http fetch GET 200 https://registry.npmjs.org/cycle 52ms (cache revalidated)
npm http fetch GET 200 https://registry.npmjs.org/colors 53ms (cache revalidated)
npm http fetch GET 200 https://registry.npmjs.org/y18n 53ms (cache revalidated)
npm http fetch GET 200 https://registry.npmjs.org/cliui 43ms (cache revalidated)
npm http fetch GET 200 https://registry.npmjs.org/set-blocking 48ms (cache revalidated)
npm http fetch GET 200 https://registry.npmjs.org/decamelize 65ms (cache revalidated)
npm http fetch GET 200 https://registry.npmjs.org/which-module 50ms (cache revalidated)
npm http fetch GET 200 https://registry.npmjs.org/get-caller-file 58ms (cache revalidated)
npm http fetch GET 200 https://registry.npmjs.org/require-directory 51ms (cache revalidated)
npm http fetch GET 200 https://registry.npmjs.org/require-main-filename 57ms (cache revalidated)
npm http fetch GET 200 https://registry.npmjs.org/stack-trace 624ms (cache revalidated)
npm http fetch GET 200 https://registry.npmjs.org/lazystream 51ms (cache revalidated)
npm http fetch GET 200 https://registry.npmjs.org/lodash.defaults 55ms (cache revalidated)
npm http fetch GET 200 https://registry.npmjs.org/lodash.difference 81ms (cache revalidated)
npm http fetch GET 200 https://registry.npmjs.org/lodash.flatten 48ms (cache revalidated)
npm http fetch GET 200 https://registry.npmjs.org/lodash.isplainobject 64ms (cache revalidated)
npm http fetch GET 200 https://registry.npmjs.org/lodash.union 61ms (cache revalidated)
npm http fetch GET 200 https://registry.npmjs.org/normalize-path 52ms (cache revalidated)
npm http fetch GET 200 https://registry.npmjs.org/string_decoder 53ms (cache revalidated)
npm http fetch GET 200 https://registry.npmjs.org/util-deprecate 54ms (cache revalidated)
npm http fetch GET 200 https://registry.npmjs.org/bl 48ms (cache revalidated)
npm http fetch GET 200 https://registry.npmjs.org/end-of-stream 46ms (cache revalidated)
npm http fetch GET 200 https://registry.npmjs.org/fs-constants 61ms (cache revalidated)
npm http fetch GET 200 https://registry.npmjs.org/compress-commons 56ms (cache revalidated)
npm http fetch GET 200 https://registry.npmjs.org/isarray 40ms (cache revalidated)
npm http fetch GET 200 https://registry.npmjs.org/process-nextick-args 53ms (cache revalidated)
npm http fetch GET 200 https://registry.npmjs.org/core-util-is 70ms (cache revalidated)
npm http fetch GET 200 https://registry.npmjs.org/rimraf 59ms (cache revalidated)
npm http fetch GET 200 https://registry.npmjs.org/event-stream 66ms (cache revalidated)
npm http fetch GET 200 https://registry.npmjs.org/color-convert 42ms (cache revalidated)
npm http fetch GET 200 https://registry.npmjs.org/has-flag 81ms (cache revalidated)
npm http fetch GET 200 https://registry.npmjs.org/color-name 37ms (cache revalidated)
npm http fetch GET 200 https://registry.npmjs.org/emoji-regex 45ms (cache revalidated)
npm http fetch GET 200 https://registry.npmjs.org/strip-ansi 51ms (cache revalidated)
npm http fetch GET 200 https://registry.npmjs.org/is-fullwidth-code-point 65ms (cache revalidated)
npm http fetch GET 200 https://registry.npmjs.org/lodash.once 42ms (cache revalidated)
npm http fetch GET 200 https://registry.npmjs.org/ieee754 50ms (cache revalidated)
npm http fetch GET 200 https://registry.npmjs.org/base64-js 65ms (cache revalidated)
npm http fetch GET 200 https://registry.npmjs.org/restore-cursor 47ms (cache revalidated)
npm http fetch GET 200 https://registry.npmjs.org/onetime 50ms (cache revalidated)
npm http fetch GET 200 https://registry.npmjs.org/@colors%2fcolors 71ms (cache revalidated)
npm http fetch GET 200 https://registry.npmjs.org/is-stream 48ms (cache revalidated)
npm http fetch GET 200 https://registry.npmjs.org/get-stream 52ms (cache revalidated)
npm http fetch GET 200 https://registry.npmjs.org/cross-spawn 63ms (cache revalidated)
npm http fetch GET 200 https://registry.npmjs.org/signal-exit 58ms (cache revalidated)
npm http fetch GET 200 https://registry.npmjs.org/npm-run-path 49ms (cache revalidated)
npm http fetch GET 200 https://registry.npmjs.org/merge-stream 69ms (cache revalidated)
npm http fetch GET 200 https://registry.npmjs.org/human-signals 50ms (cache revalidated)
npm http fetch GET 200 https://registry.npmjs.org/strip-final-newline 53ms (cache revalidated)
npm http fetch GET 200 https://registry.npmjs.org/at-least-node 77ms (cache revalidated)
npm http fetch GET 200 https://registry.npmjs.org/@types%2fyauzl 92ms (cache revalidated)
npm http fetch GET 200 https://registry.npmjs.org/ci-info 52ms (cache revalidated)
npm http fetch GET 200 https://registry.npmjs.org/is-path-inside 60ms (cache revalidated)
npm http fetch GET 200 https://registry.npmjs.org/global-dirs 68ms (cache revalidated)
npm http fetch GET 200 https://registry.npmjs.org/rfdc 50ms (cache revalidated)
npm http fetch GET 200 https://registry.npmjs.org/rxjs 53ms (cache revalidated)
npm http fetch GET 200 https://registry.npmjs.org/p-map 72ms (cache revalidated)
npm http fetch GET 200 https://registry.npmjs.org/through 73ms (cache revalidated)
npm http fetch GET 200 https://registry.npmjs.org/colorette 57ms (cache revalidated)
npm http fetch GET 200 https://registry.npmjs.org/log-update 54ms (cache revalidated)
npm http fetch GET 200 https://registry.npmjs.org/wrap-ansi 83ms (cache revalidated)
npm http fetch GET 200 https://registry.npmjs.org/is-unicode-supported 40ms (cache revalidated)
npm http fetch GET 200 https://registry.npmjs.org/cli-truncate 52ms (cache revalidated)
npm http fetch GET 200 https://registry.npmjs.org/throttleit 54ms (cache revalidated)
npm http fetch GET 200 https://registry.npmjs.org/fd-slicer 46ms (cache revalidated)
npm http fetch GET 200 https://registry.npmjs.org/assert-plus 52ms (cache revalidated)
npm http fetch GET 200 https://registry.npmjs.org/asynckit 62ms (cache revalidated)
npm http fetch GET 200 https://registry.npmjs.org/delayed-stream 82ms (cache revalidated)
npm http fetch GET 200 https://registry.npmjs.org/jsprim 43ms (cache revalidated)
npm http fetch GET 200 https://registry.npmjs.org/sshpk 45ms (cache revalidated)
npm http fetch GET 200 https://registry.npmjs.org/mime-db 62ms (cache revalidated)
npm http fetch GET 200 https://registry.npmjs.org/side-channel 47ms (cache revalidated)
npm http fetch GET 200 https://registry.npmjs.org/psl 57ms (cache revalidated)
npm http fetch GET 200 https://registry.npmjs.org/url-parse 47ms (cache revalidated)
npm http fetch GET 200 https://registry.npmjs.org/punycode 91ms (cache revalidated)
npm http fetch GET 200 https://registry.npmjs.org/lodash.isfunction 44ms (cache revalidated)
npm http fetch GET 200 https://registry.npmjs.org/lodash.isempty 55ms (cache revalidated)
npm http fetch GET 200 https://registry.npmjs.org/lodash.isobject 58ms (cache revalidated)
npm http fetch GET 200 https://registry.npmjs.org/yargs 23ms (cache hit)
npm http fetch GET 200 https://registry.npmjs.org/lodash.isstring 68ms (cache revalidated)
npm http fetch GET 200 https://registry.npmjs.org/dateformat 58ms (cache revalidated)
npm http fetch GET 200 https://registry.npmjs.org/escape-html 68ms (cache revalidated)
npm http fetch GET 200 https://registry.npmjs.org/fsu 50ms (cache revalidated)
npm http fetch GET 200 https://registry.npmjs.org/opener 54ms (cache revalidated)
npm http fetch GET 200 https://registry.npmjs.org/prop-types 64ms (cache revalidated)
npm http fetch GET 200 https://registry.npmjs.org/tcomb 59ms (cache revalidated)
npm http fetch GET 200 https://registry.npmjs.org/tcomb-validation 59ms (cache revalidated)
npm http fetch GET 200 https://registry.npmjs.org/yargs 14ms (cache hit)
npm http fetch GET 200 https://registry.npmjs.org/validator 62ms (cache revalidated)
npm http fetch GET 200 https://registry.npmjs.org/seek-bzip 71ms (cache revalidated)
npm http fetch GET 200 https://registry.npmjs.org/file-type 86ms (cache revalidated)
npm http fetch GET 200 https://registry.npmjs.org/file-type 109ms (cache revalidated)
npm http fetch GET 200 https://registry.npmjs.org/is-natural-number 53ms (cache revalidated)
npm http fetch GET 200 https://registry.npmjs.org/unbzip2-stream 86ms (cache revalidated)
npm http fetch GET 200 https://registry.npmjs.org/xtend 49ms (cache revalidated)
npm http fetch GET 200 https://registry.npmjs.org/to-buffer 63ms (cache revalidated)
npm http fetch GET 200 https://registry.npmjs.org/buffer-alloc 77ms (cache revalidated)
npm http fetch GET 200 https://registry.npmjs.org/pinkie-promise 55ms (cache revalidated)
npm http fetch GET 200 https://registry.npmjs.org/object-assign 61ms (cache revalidated)
npm http fetch GET 200 https://registry.npmjs.org/ansi-regex 57ms (cache revalidated)
npm http fetch GET 200 https://registry.npmjs.org/shebang-command 49ms (cache revalidated)
npm http fetch GET 200 https://registry.npmjs.org/path-key 57ms (cache revalidated)
npm http fetch GET 200 https://registry.npmjs.org/which 77ms (cache revalidated)
npm http fetch GET 200 https://registry.npmjs.org/pump 58ms (cache revalidated)
npm http fetch GET 200 https://registry.npmjs.org/mimic-fn 56ms (cache revalidated)
npm http fetch GET 200 https://registry.npmjs.org/shebang-regex 48ms (cache revalidated)
npm http fetch GET 200 https://registry.npmjs.org/isexe 50ms (cache revalidated)
npm http fetch GET 200 https://registry.npmjs.org/@types%2fnode 32ms (cache hit)
npm http fetch GET 200 https://registry.npmjs.org/undici-types 50ms (cache revalidated)
npm http fetch GET 200 https://registry.npmjs.org/pinkie 51ms (cache revalidated)
npm http fetch GET 200 https://registry.npmjs.org/brace-expansion 119ms (cache revalidated)
npm http fetch GET 200 https://registry.npmjs.org/wrappy 122ms (cache revalidated)
npm http fetch GET 200 https://registry.npmjs.org/wrappy 130ms (cache revalidated)
npm http fetch GET 200 https://registry.npmjs.org/extsprintf 53ms (cache revalidated)
npm http fetch GET 200 https://registry.npmjs.org/verror 56ms (cache revalidated)
npm http fetch GET 200 https://registry.npmjs.org/json-schema 67ms (cache revalidated)
npm http fetch GET 200 https://registry.npmjs.org/asn1 49ms (cache revalidated)
npm http fetch GET 200 https://registry.npmjs.org/dashdash 57ms (cache revalidated)
npm http fetch GET 200 https://registry.npmjs.org/getpass 58ms (cache revalidated)
npm http fetch GET 200 https://registry.npmjs.org/safer-buffer 57ms (cache revalidated)
npm http fetch GET 200 https://registry.npmjs.org/jsbn 49ms (cache revalidated)
npm http fetch GET 200 https://registry.npmjs.org/tweetnacl 66ms (cache revalidated)
npm http fetch GET 200 https://registry.npmjs.org/ecc-jsbn 50ms (cache revalidated)
npm http fetch GET 200 https://registry.npmjs.org/bcrypt-pbkdf 54ms (cache revalidated)
npm http fetch GET 200 https://registry.npmjs.org/ansi-escapes 52ms (cache revalidated)
npm http fetch GET 200 https://registry.npmjs.org/tslib 54ms (cache revalidated)
npm http fetch GET 200 https://registry.npmjs.org/aggregate-error 63ms (cache revalidated)
npm http fetch GET 200 https://registry.npmjs.org/astral-regex 40ms (cache revalidated)
npm http fetch GET 200 https://registry.npmjs.org/type-fest 45ms (cache revalidated)
npm http fetch GET 200 https://registry.npmjs.org/balanced-match 45ms (cache revalidated)
npm http fetch GET 200 https://registry.npmjs.org/concat-map 49ms (cache revalidated)
npm http fetch GET 200 https://registry.npmjs.org/glob-parent 50ms (cache revalidated)
npm http fetch GET 200 https://registry.npmjs.org/anymatch 64ms (cache revalidated)
npm http fetch GET 200 https://registry.npmjs.org/braces 66ms (cache revalidated)
npm http fetch GET 200 https://registry.npmjs.org/is-glob 53ms (cache revalidated)
npm http fetch GET 200 https://registry.npmjs.org/readdirp 54ms (cache revalidated)
npm http fetch GET 200 https://registry.npmjs.org/is-binary-path 76ms (cache revalidated)
npm http fetch GET 200 https://registry.npmjs.org/fsevents 54ms (cache revalidated)
npm http fetch GET 200 https://registry.npmjs.org/locate-path 61ms (cache revalidated)
npm http fetch GET 200 https://registry.npmjs.org/path-exists 74ms (cache revalidated)
npm http fetch GET 200 https://registry.npmjs.org/randombytes 42ms (cache revalidated)
npm http fetch GET 200 https://registry.npmjs.org/argparse 71ms (cache revalidated)
npm http fetch GET 200 https://registry.npmjs.org/escalade 57ms (cache revalidated)
npm http fetch GET 200 https://registry.npmjs.org/flat 48ms (cache revalidated)
npm http fetch GET 200 https://registry.npmjs.org/camelcase 68ms (cache revalidated)
npm http fetch GET 200 https://registry.npmjs.org/is-plain-obj 59ms (cache revalidated)
npm http fetch GET 200 https://registry.npmjs.org/picomatch 57ms (cache revalidated)
npm http fetch GET 200 https://registry.npmjs.org/fill-range 59ms (cache revalidated)
npm http fetch GET 200 https://registry.npmjs.org/binary-extensions 66ms (cache revalidated)
npm http fetch GET 200 https://registry.npmjs.org/is-extglob 56ms (cache revalidated)
npm http fetch GET 200 https://registry.npmjs.org/to-regex-range 67ms (cache revalidated)
npm http fetch GET 200 https://registry.npmjs.org/is-number 53ms (cache revalidated)
npm http fetch GET 200 https://registry.npmjs.org/p-locate 49ms (cache revalidated)
npm http fetch GET 200 https://registry.npmjs.org/p-limit 45ms (cache revalidated)
npm http fetch GET 200 https://registry.npmjs.org/react-is 67ms (cache revalidated)
npm http fetch GET 200 https://registry.npmjs.org/loose-envify 113ms (cache revalidated)
npm http fetch GET 200 https://registry.npmjs.org/easy-stack 49ms (cache revalidated)
npm http fetch GET 200 https://registry.npmjs.org/yocto-queue 54ms (cache revalidated)
npm http fetch GET 200 https://registry.npmjs.org/indent-string 48ms (cache revalidated)
npm http fetch GET 200 https://registry.npmjs.org/clean-stack 63ms (cache revalidated)
npm http fetch GET 200 https://registry.npmjs.org/js-tokens 52ms (cache revalidated)
npm http fetch GET 200 https://registry.npmjs.org/duplexer 46ms (cache revalidated)
npm http fetch GET 200 https://registry.npmjs.org/map-stream 56ms (cache revalidated)
npm http fetch GET 200 https://registry.npmjs.org/from 80ms (cache revalidated)
npm http fetch GET 200 https://registry.npmjs.org/pause-stream 62ms (cache revalidated)
npm http fetch GET 200 https://registry.npmjs.org/split 50ms (cache revalidated)
npm http fetch GET 200 https://registry.npmjs.org/stream-combiner 59ms (cache revalidated)
npm http fetch GET 200 https://registry.npmjs.org/call-bind 45ms (cache revalidated)
npm http fetch GET 200 https://registry.npmjs.org/es-errors 47ms (cache revalidated)
npm http fetch GET 200 https://registry.npmjs.org/get-intrinsic 60ms (cache revalidated)
npm http fetch GET 200 https://registry.npmjs.org/object-inspect 40ms (cache revalidated)
npm http fetch GET 200 https://registry.npmjs.org/ajv 22ms (cache hit)
npm http fetch GET 200 https://registry.npmjs.org/har-schema 52ms (cache revalidated)
npm http fetch GET 200 https://registry.npmjs.org/fast-deep-equal 54ms (cache revalidated)
npm http fetch GET 200 https://registry.npmjs.org/uri-js 67ms (cache revalidated)
npm http fetch GET 200 https://registry.npmjs.org/json-schema-traverse 69ms (cache revalidated)
npm http fetch GET 200 https://registry.npmjs.org/fast-json-stable-stringify 49ms (cache revalidated)
npm http fetch GET 200 https://registry.npmjs.org/set-function-length 50ms (cache revalidated)
npm http fetch GET 200 https://registry.npmjs.org/function-bind 56ms (cache revalidated)
npm http fetch GET 200 https://registry.npmjs.org/function-bind 12ms (cache hit)
npm http fetch GET 200 https://registry.npmjs.org/es-define-property 73ms (cache revalidated)
npm http fetch GET 200 https://registry.npmjs.org/has-proto 48ms (cache revalidated)
npm http fetch GET 200 https://registry.npmjs.org/has-symbols 43ms (cache revalidated)
npm http fetch GET 200 https://registry.npmjs.org/hasown 67ms (cache revalidated)
npm http fetch GET 200 https://registry.npmjs.org/has-property-descriptors 52ms (cache revalidated)
npm http fetch GET 200 https://registry.npmjs.org/define-data-property 63ms (cache revalidated)
npm http fetch GET 200 https://registry.npmjs.org/gopd 71ms (cache revalidated)
npm http fetch GET 200 https://registry.npmjs.org/querystringify 39ms (cache revalidated)
npm http fetch GET 200 https://registry.npmjs.org/requires-port 115ms (cache revalidated)
npm http fetch GET 200 https://registry.npmjs.org/cli-boxes 59ms (cache revalidated)
npm http fetch GET 200 https://registry.npmjs.org/ansi-align 54ms (cache revalidated)
npm http fetch GET 200 https://registry.npmjs.org/widest-line 69ms (cache revalidated)
npm http fetch GET 200 https://registry.npmjs.org/unique-string 45ms (cache revalidated)
npm http fetch GET 200 https://registry.npmjs.org/package-json 40ms (cache revalidated)
npm http fetch GET 200 https://registry.npmjs.org/dot-prop 96ms (cache revalidated)
npm http fetch GET 200 https://registry.npmjs.org/write-file-atomic 99ms (cache revalidated)
npm http fetch GET 200 https://registry.npmjs.org/escape-goat 48ms (cache revalidated)
npm http fetch GET 200 https://registry.npmjs.org/eastasianwidth 121ms (cache revalidated)
npm http fetch GET 200 https://registry.npmjs.org/crypto-random-string 62ms (cache revalidated)
npm http fetch GET 200 https://registry.npmjs.org/is-obj 65ms (cache revalidated)
npm http fetch GET 200 https://registry.npmjs.org/imurmurhash 70ms (cache revalidated)
npm http fetch GET 200 https://registry.npmjs.org/typedarray-to-buffer 61ms (cache revalidated)
npm http fetch GET 200 https://registry.npmjs.org/registry-url 48ms (cache revalidated)
npm http fetch GET 200 https://registry.npmjs.org/registry-auth-token 57ms (cache revalidated)
npm http fetch GET 200 https://registry.npmjs.org/got 89ms (cache revalidated)
npm http fetch GET 200 https://registry.npmjs.org/responselike 58ms (cache revalidated)
npm http fetch GET 200 https://registry.npmjs.org/p-cancelable 68ms (cache revalidated)
npm http fetch GET 200 https://registry.npmjs.org/http2-wrapper 80ms (cache revalidated)
npm http fetch GET 200 https://registry.npmjs.org/lowercase-keys 60ms (cache revalidated)
npm http fetch GET 200 https://registry.npmjs.org/cacheable-lookup 64ms (cache revalidated)
npm http fetch GET 200 https://registry.npmjs.org/@sindresorhus%2fis 95ms (cache revalidated)
npm http fetch GET 200 https://registry.npmjs.org/cacheable-request 102ms (cache revalidated)
npm http fetch GET 200 https://registry.npmjs.org/form-data-encoder 105ms (cache revalidated)
npm http fetch GET 200 https://registry.npmjs.org/decompress-response 103ms (cache revalidated)
npm http fetch GET 200 https://registry.npmjs.org/@szmarczak%2fhttp-timer 120ms (cache revalidated)
npm http fetch GET 200 https://registry.npmjs.org/rc 73ms (cache revalidated)
npm http fetch GET 200 https://registry.npmjs.org/@pnpm%2fnpm-conf 141ms (cache revalidated)
npm http fetch GET 200 https://registry.npmjs.org/defer-to-connect 78ms (cache revalidated)
npm http fetch GET 200 https://registry.npmjs.org/http-cache-semantics 95ms (cache revalidated)
npm http fetch GET 200 https://registry.npmjs.org/keyv 85ms (cache revalidated)
npm http fetch GET 200 https://registry.npmjs.org/mimic-response 87ms (cache revalidated)
npm http fetch GET 200 https://registry.npmjs.org/@types%2fhttp-cache-semantics 210ms (cache revalidated)
npm http fetch GET 200 https://registry.npmjs.org/quick-lru 77ms (cache revalidated)
npm http fetch GET 200 https://registry.npmjs.org/normalize-url 110ms (cache revalidated)
npm http fetch GET 200 https://registry.npmjs.org/resolve-alpn 79ms (cache revalidated)
npm http fetch GET 200 https://registry.npmjs.org/json-buffer 40ms (cache revalidated)
npm http fetch GET 200 https://registry.npmjs.org/config-chain 48ms (cache revalidated)
npm http fetch GET 200 https://registry.npmjs.org/@pnpm%2fnetwork.ca-file 75ms (cache revalidated)
npm http fetch GET 200 https://registry.npmjs.org/@pnpm%2fconfig.env-replace 1269ms (cache revalidated)
npm http fetch GET 200 https://registry.npmjs.org/proto-list 87ms (cache revalidated)
npm http fetch GET 200 https://registry.npmjs.org/deep-extend 49ms (cache revalidated)
npm http fetch GET 200 https://registry.npmjs.org/pend 53ms (cache revalidated)
npm http fetch GET 200 https://registry.npmjs.org/crc32-stream 51ms (cache revalidated)
npm http fetch GET 200 https://registry.npmjs.org/crc-32 60ms (cache revalidated)
npm http fetch GET 200 https://registry.npmjs.org/buffer-alloc-unsafe 48ms (cache revalidated)
npm http fetch GET 200 https://registry.npmjs.org/buffer-fill 59ms (cache revalidated)
npm http fetch GET 200 https://registry.npmjs.org/p-try 632ms (cache revalidated)
npm verbose reify failed optional dependency C:\Users\jefer\OneDrive\Documentos\Pos Julio de Lima\WEB\automacao-web-pgats - Copia\tmpBstackPackages\node_modules\fsevents
npm http fetch POST 200 https://registry.npmjs.org/-/npm/v1/security/advisories/bulk 1589ms
npm warn deprecated inflight@1.0.6: This module is not supported, and leaks memory. Do not use it. Check out lru-cache if you want a good and tested way to coalesce async requests by a key value, which is much more comprehensive and powerful.
npm warn deprecated rimraf@2.5.4: Rimraf versions prior to v4 are no longer supported
npm warn deprecated har-validator@5.1.5: this library is no longer supported
npm http fetch GET 200 https://registry.npmjs.org/request 3143ms (cache revalidated)
npm http fetch GET 200 https://registry.npmjs.org/tough-cookie 3142ms (cache revalidated)
npm warn deprecated glob@7.2.3: Glob versions prior to v9 are no longer supported
npm warn deprecated glob@8.1.0: Glob versions prior to v9 are no longer supported
npm warn deprecated uuid@3.4.0: Please upgrade  to version 7 or higher.  Older versions may use Math.random() in certain circumstances, which is known to be problematic.  See https://v8.dev/blog/math-random for details.
npm http fetch GET 200 https://registry.npmjs.org/browserstack-cypress-cli 1370ms (cache revalidated)
npm warn deprecated request@2.88.2: request has been deprecated, see https://github.com/request/request/issues/3142
npm info run cypress@13.13.3 postinstall node_modules/cypress node index.js --exec install
npm info run cypress@13.13.3 postinstall { code: 0, signal: null }

added 501 packages, and audited 502 packages in 56s

96 packages are looking for funding
  run `npm fund` for details

3 moderate severity vulnerabilities

To address all issues (including breaking changes), run:
  npm audit fix --force

Run `npm audit` for details.
npm verbose cwd C:\Users\jefer\OneDrive\Documentos\Pos Julio de Lima\WEB\automacao-web-pgats - Copia\tmpBstackPackages
npm verbose os Windows_NT 10.0.19045
npm verbose node v20.16.0
npm verbose npm  v10.8.2
npm verbose exit 0
npm info ok
